0 verbose cli /usr/local/bin/node /usr/local/bin/npm
1 info using npm@9.7.2
2 info using node@v18.16.1
3 timing npm:load:whichnode Completed in 20ms
4 timing config:load:defaults Completed in 4ms
5 timing config:load:file:/usr/local/lib/node_modules/npm/npmrc Completed in 10ms
6 timing config:load:builtin Completed in 10ms
7 timing config:load:cli Completed in 3ms
8 timing config:load:env Completed in 0ms
9 timing config:load:project Completed in 2ms
10 timing config:load:file:/home/container/.npmrc Completed in 0ms
11 timing config:load:user Completed in 0ms
12 timing config:load:file:/usr/local/etc/npmrc Completed in 0ms
13 timing config:load:global Completed in 1ms
14 timing config:load:setEnvs Completed in 1ms
15 timing config:load Completed in 22ms
16 timing npm:load:configload Completed in 22ms
17 timing config:load:flatten Completed in 4ms
18 timing npm:load:mkdirpcache Completed in 0ms
19 timing npm:load:mkdirplogs Completed in 0ms
20 verbose title npm install
21 verbose argv "install"
22 timing npm:load:setTitle Completed in 1ms
23 timing npm:load:display Completed in 1ms
24 verbose logfile logs-max:10 dir:/home/container/.npm/_logs/2023-06-29T17_04_35_239Z-
25 verbose logfile /home/container/.npm/_logs/2023-06-29T17_04_35_239Z-debug-0.log
26 timing npm:load:logFile Completed in 13ms
27 timing npm:load:timers Completed in 0ms
28 timing npm:load:configScope Completed in 0ms
29 timing npm:load Completed in 84ms
30 timing arborist:ctor Completed in 1ms
31 silly logfile done cleaning log files
32 timing idealTree:init Completed in 263ms
33 timing idealTree:userRequests Completed in 0ms
34 silly idealTree buildDeps
35 timing idealTree:#root Completed in 0ms
36 timing idealTree:buildDeps Completed in 2ms
37 timing idealTree:fixDepFlags Completed in 0ms
38 timing idealTree Completed in 271ms
39 timing arborist:ctor Completed in 0ms
40 timing reify:loadTrees Completed in 347ms
41 timing reify:diffTrees Completed in 13ms
42 silly reify moves {}
43 timing reify:retireShallow Completed in 2ms
44 timing reify:createSparse Completed in 0ms
45 timing reify:loadBundles Completed in 0ms
46 silly audit bulk request {
46 silly audit   '@adiwajshing/keyed-db': [ '0.2.4' ],
46 silly audit   '@babel/runtime': [ '7.22.3' ],
46 silly audit   '@hapi/boom': [ '9.1.4' ],
46 silly audit   '@hapi/hoek': [ '9.3.0' ],
46 silly audit   '@jimp/bmp': [ '0.16.13' ],
46 silly audit   '@jimp/core': [ '0.16.13' ],
46 silly audit   '@jimp/custom': [ '0.16.13' ],
46 silly audit   '@jimp/gif': [ '0.16.13' ],
46 silly audit   '@jimp/jpeg': [ '0.16.13' ],
46 silly audit   '@jimp/plugin-blit': [ '0.16.13' ],
46 silly audit   '@jimp/plugin-blur': [ '0.16.13' ],
46 silly audit   '@jimp/plugin-circle': [ '0.16.13' ],
46 silly audit   '@jimp/plugin-color': [ '0.16.13' ],
46 silly audit   '@jimp/plugin-contain': [ '0.16.13' ],
46 silly audit   '@jimp/plugin-cover': [ '0.16.13' ],
46 silly audit   '@jimp/plugin-crop': [ '0.16.13' ],
46 silly audit   '@jimp/plugin-displace': [ '0.16.13' ],
46 silly audit   '@jimp/plugin-dither': [ '0.16.13' ],
46 silly audit   '@jimp/plugin-fisheye': [ '0.16.13' ],
46 silly audit   '@jimp/plugin-flip': [ '0.16.13' ],
46 silly audit   '@jimp/plugin-gaussian': [ '0.16.13' ],
46 silly audit   '@jimp/plugin-invert': [ '0.16.13' ],
46 silly audit   '@jimp/plugin-mask': [ '0.16.13' ],
46 silly audit   '@jimp/plugin-normalize': [ '0.16.13' ],
46 silly audit   '@jimp/plugin-print': [ '0.16.13' ],
46 silly audit   '@jimp/plugin-resize': [ '0.16.13' ],
46 silly audit   '@jimp/plugin-rotate': [ '0.16.13' ],
46 silly audit   '@jimp/plugin-scale': [ '0.16.13' ],
46 silly audit   '@jimp/plugin-shadow': [ '0.16.13' ],
46 silly audit   '@jimp/plugin-threshold': [ '0.16.13' ],
46 silly audit   '@jimp/plugins': [ '0.16.13' ],
46 silly audit   '@jimp/png': [ '0.16.13' ],
46 silly audit   '@jimp/tiff': [ '0.16.13' ],
46 silly audit   '@jimp/types': [ '0.16.13' ],
46 silly audit   '@jimp/utils': [ '0.16.13' ],
46 silly audit   '@protobufjs/aspromise': [ '1.1.2' ],
46 silly audit   '@protobufjs/base64': [ '1.1.2' ],
46 silly audit   '@protobufjs/codegen': [ '2.0.4' ],
46 silly audit   '@protobufjs/eventemitter': [ '1.1.0' ],
46 silly audit   '@protobufjs/fetch': [ '1.1.0' ],
46 silly audit   '@protobufjs/float': [ '1.0.2' ],
46 silly audit   '@protobufjs/inquire': [ '1.1.0' ],
46 silly audit   '@protobufjs/path': [ '1.1.2' ],
46 silly audit   '@protobufjs/pool': [ '1.1.0' ],
46 silly audit   '@protobufjs/utf8': [ '1.1.0' ],
46 silly audit   '@tokenizer/token': [ '0.3.0' ],
46 silly audit   '@types/long': [ '4.0.2' ],
46 silly audit   '@types/node': [ '16.9.1', '10.17.60' ],
46 silly audit   '@whiskeysockets/baileys': [ '6.2.1' ],
46 silly audit   uuid: [ '9.0.0' ],
46 silly audit   'abort-controller': [ '3.0.0' ],
46 silly audit   'any-base': [ '1.1.0' ],
46 silly audit   async: [ '3.2.4' ],
46 silly audit   asynckit: [ '0.4.0' ],
46 silly audit   'atomic-sleep': [ '1.0.0' ],
46 silly audit   axios: [ '1.4.0' ],
46 silly audit   'base64-js': [ '1.5.1' ],
46 silly audit   'bmp-js': [ '0.1.0' ],
46 silly audit   boolbase: [ '1.0.0' ],
46 silly audit   buffer: [ '5.7.1' ],
46 silly audit   'buffer-equal': [ '0.0.1' ],
46 silly audit   cheerio: [ '1.0.0-rc.11' ],
46 silly audit   'cheerio-select': [ '2.1.0' ],
46 silly audit   clone: [ '2.1.2' ],
46 silly audit   'combined-stream': [ '1.0.8' ],
46 silly audit   'content-type': [ '1.0.5' ],
46 silly audit   'cross-fetch': [ '3.1.5' ],
46 silly audit   'css-select': [ '5.1.0' ],
46 silly audit   'css-what': [ '6.1.0' ],
46 silly audit   'curve25519-js': [ '0.0.4' ],
46 silly audit   'delayed-stream': [ '1.0.0' ],
46 silly audit   'dom-serializer': [ '2.0.0' ],
46 silly audit   'dom-walk': [ '0.1.2' ],
46 silly audit   domelementtype: [ '2.3.0' ],
46 silly audit   domhandler: [ '5.0.3' ],
46 silly audit   domutils: [ '3.1.0' ],
46 silly audit   duplexify: [ '4.1.2' ],
46 silly audit   'end-of-stream': [ '1.4.4' ],
46 silly audit   entities: [ '4.5.0' ],
46 silly audit   'event-target-shim': [ '5.0.1' ],
46 silly audit   'exif-parser': [ '0.1.12' ],
46 silly audit   'fast-redact': [ '3.2.0' ],
46 silly audit   'file-type': [ '16.5.4' ],
46 silly audit   'fluent-ffmpeg': [ '2.1.2' ],
46 silly audit   'follow-redirects': [ '1.15.2' ],
46 silly audit   'form-data': [ '4.0.0' ],
46 silly audit   'futoin-hkdf': [ '1.5.2' ],
46 silly audit   gifwrap: [ '0.9.4' ],
46 silly audit   global: [ '4.4.0' ],
46 silly audit   htmlparser2: [ '8.0.2' ],
46 silly audit   ieee754: [ '1.2.1' ],
46 silly audit   'image-q': [ '4.0.0' ],
46 silly audit   inherits: [ '2.0.4' ],
46 silly audit   'is-function': [ '1.0.2' ],
46 silly audit   isexe: [ '2.0.0' ],
46 silly audit   jimp: [ '0.16.13' ],
46 silly audit   'jpeg-js': [ '0.4.4' ],
46 silly audit   'libphonenumber-js': [ '1.10.34' ],
46 silly audit   libsignal: [ '2.0.1' ],
46 silly audit   protobufjs: [ '6.8.8', '6.11.3' ],
46 silly audit   'link-preview-js': [ '3.0.4' ],
46 silly audit   'load-bmfont': [ '1.4.1' ],
46 silly audit   long: [ '4.0.0' ],
46 silly audit   'media-typer': [ '1.1.0' ],
46 silly audit   mime: [ '1.6.0' ],
46 silly audit   'mime-db': [ '1.52.0' ],
46 silly audit   'mime-types': [ '2.1.35' ],
46 silly audit   'min-document': [ '2.19.0' ],
46 silly audit   minimist: [ '1.2.8' ],
46 silly audit   mkdirp: [ '0.5.6' ],
46 silly audit   'music-metadata': [ '7.13.4' ],
46 silly audit   debug: [ '4.3.4' ],
46 silly audit   ms: [ '2.1.2' ],
46 silly audit   'node-cache': [ '5.1.2' ],
46 silly audit   'node-fetch': [ '2.6.7' ],
46 silly audit   'node-webpmux': [ '3.1.7' ],
46 silly audit   'nth-check': [ '2.1.1' ],
46 silly audit   omggif: [ '1.0.10' ],
46 silly audit   'on-exit-leak-free': [ '0.2.0' ],
46 silly audit   once: [ '1.4.0' ],
46 silly audit   pako: [ '1.0.11' ],
46 silly audit   'parse-bmfont-ascii': [ '1.0.6' ],
46 silly audit   'parse-bmfont-binary': [ '1.0.6' ],
46 silly audit   'parse-bmfont-xml': [ '1.1.4' ],
46 silly audit   'parse-headers': [ '2.0.5' ],
46 silly audit   parse5: [ '7.1.2' ],
46 silly audit   'parse5-htmlparser2-tree-adapter': [ '7.0.0' ],
46 silly audit   'peek-readable': [ '4.1.0' ],
46 silly audit   phin: [ '2.9.3' ],
46 silly audit   pino: [ '7.11.0' ],
46 silly audit   'pino-abstract-transport': [ '0.5.0' ],
46 silly audit   'pino-std-serializers': [ '4.0.0' ],
46 silly audit   pixelmatch: [ '4.0.2' ],
46 silly audit   pngjs: [ '3.4.0' ],
46 silly audit   process: [ '0.11.10' ],
46 silly audit   'process-warning': [ '1.0.0' ],
46 silly audit   'proxy-from-env': [ '1.1.0' ],
46 silly audit   punycode: [ '1.3.2' ],
46 silly audit   'qrcode-terminal': [ '0.12.0' ],
46 silly audit   querystring: [ '0.2.0' ],
46 silly audit   'quick-format-unescaped': [ '4.0.4' ],
46 silly audit   'readable-stream': [ '3.6.2' ],
46 silly audit   'readable-web-to-node-stream': [ '3.0.2' ],
46 silly audit   'real-require': [ '0.1.0' ],
46 silly audit   'regenerator-runtime': [ '0.13.11' ],
46 silly audit   'safe-buffer': [ '5.2.1' ],
46 silly audit   'safe-stable-stringify': [ '2.4.3' ],
46 silly audit   sax: [ '1.2.4' ],
46 silly audit   'sonic-boom': [ '2.8.0' ],
46 silly audit   split2: [ '4.2.0' ],
46 silly audit   'stream-shift': [ '1.0.1' ],
46 silly audit   string_decoder: [ '1.3.0' ],
46 silly audit   strtok3: [ '6.3.0' ],
46 silly audit   'thread-stream': [ '0.15.2' ],
46 silly audit   timm: [ '1.7.1' ],
46 silly audit   tinycolor2: [ '1.6.0' ],
46 silly audit   'token-types': [ '4.2.1' ],
46 silly audit   tr46: [ '0.0.3' ],
46 silly audit   tslib: [ '2.5.2' ],
46 silly audit   url: [ '0.11.0' ],
46 silly audit   utif: [ '2.0.1' ],
46 silly audit   'util-deprecate': [ '1.0.2' ],
46 silly audit   'webidl-conversions': [ '3.0.1' ],
46 silly audit   'whatwg-url': [ '5.0.0' ],
46 silly audit   which: [ '1.3.1' ],
46 silly audit   wrappy: [ '1.0.2' ],
46 silly audit   ws: [ '8.13.0' ],
46 silly audit   xhr: [ '2.6.0' ],
46 silly audit   'xml-parse-from-string': [ '1.0.1' ],
46 silly audit   xml2js: [ '0.4.23' ],
46 silly audit   xmlbuilder: [ '11.0.1' ],
46 silly audit   xtend: [ '4.0.2' ]
46 silly audit }
47 timing reify:unpack Completed in 4ms
48 timing reify:unretire Completed in 0ms
49 timing build:queue Completed in 0ms
50 timing build:deps Completed in 0ms
51 timing build Completed in 1ms
52 timing reify:build Completed in 2ms
53 timing reify:trash Completed in 0ms
54 timing reify:save Completed in 79ms
